2019-07-08 16:20:00,316 [9] INFO  MonitoringLogger - Could not find file 'C:\Sourabh\Examples\PIMInnovation\PIM\PIM.JobService\FileWatcher\inbound\LookupModelExcel\LookupTable20190708125959.xlsx'.
2019-07-08 17:27:56,574 [64] INFO  MonitoringLogger - The Job "Import Job Created At 7/8/2019 12:00:00 AM" has been deleted
2019-07-08 18:33:35,528 [8] INFO  MonitoringLogger - The Profile "LookupExcel - Default Lookup Profile" has been added
2019-07-09 15:38:00,859 [32] WARN  MonitoringLogger - File Uploaded Successfully
2019-07-09 15:38:49,851 [73] INFO  MonitoringLogger - Cannot create a file when that file already exists.

2019-07-09 15:45:20,639 [8] WARN  MonitoringLogger - File Uploaded Successfully
2019-07-10 11:27:23,017 [12] INFO  MonitoringLogger - The Job "Import Job Created At 7/10/2019 12:00:00 AM" has been deleted
2019-07-10 12:24:51,320 [10] WARN  MonitoringLogger - File Uploaded Successfully
2019-07-10 13:02:18,790 [52] WARN  MonitoringLogger - File Uploaded Successfully
2019-07-10 13:54:24,188 [12] WARN  MonitoringLogger - UserName Or Password is not Valid.Please try again.
2019-07-10 13:54:30,687 [10] WARN  MonitoringLogger - UserName Or Password is not Valid.Please try again.
2019-07-12 10:42:38,756 [9] INFO  MonitoringLogger - Object reference not set to an instance of an object.
2019-07-12 11:15:58,756 [7] WARN  MonitoringLogger - File Uploaded Successfully
2019-07-12 14:43:54,657 [26] WARN  MonitoringLogger - File Uploaded Successfully
2019-07-12 15:24:26,091 [86] WARN  MonitoringLogger - File Uploaded Successfully
2019-07-19 10:42:14,121 [22] WARN  MonitoringLogger - UserName Or Password is not Valid.Please try again.
2019-07-19 10:42:14,478 [22] WARN  MonitoringLogger - UserName Or Password is not Valid.Please try again.
2019-07-19 11:01:27,363 [13] INFO  MonitoringLogger - The Record Inserted Successfully
2019-07-19 11:01:34,603 [29] INFO  MonitoringLogger - Record  has been deleted
2019-07-19 11:04:52,665 [4] INFO  MonitoringLogger - The Table "FunctionalGroup" has been Updated
2019-07-19 11:05:16,149 [39] INFO  MonitoringLogger - The Table "FunctionalGroup" has been Updated
2019-07-24 09:53:25,141 [78] INFO  MonitoringLogger - The User Preferences has been Updated
2019-08-13 11:14:00,694 [25] INFO  MonitoringLogger - The Table "BrandName" has been Created
2019-08-13 11:14:29,730 [44] INFO  MonitoringLogger - The Record Inserted Successfully
2019-08-13 11:14:42,735 [22] INFO  MonitoringLogger - The Record Inserted Successfully
2019-08-13 11:14:52,151 [47] INFO  MonitoringLogger - The Record Inserted Successfully
2019-08-13 11:15:31,911 [17] INFO  MonitoringLogger - The Record Inserted Successfully
2019-08-13 12:16:24,158 [24] INFO  MonitoringLogger - The Attribute "BrandName" has been Updated
2019-08-13 12:16:45,535 [31] INFO  MonitoringLogger - The Attribute "BrandName" has been Updated
2019-08-20 16:45:45,788 [38] INFO  MonitoringLogger - The Attribute "BrandName" has been Updated
2019-08-20 16:55:13,798 [19] INFO  MonitoringLogger - The Attribute "BrandName" has been Updated
2019-09-09 16:27:27,559 [35] INFO  MonitoringLogger - The Attribute "SOA" has been added
2019-09-09 17:05:09,001 [12] INFO  MonitoringLogger - The Attribute "SOA" has been Updated
2019-09-12 12:22:15,339 [31] INFO  MonitoringLogger - The Attribute "SOA" has been Updated
2019-09-13 10:30:19,331 [52] WARN  MonitoringLogger - UserName Or Password is not Valid.Please try again.
2019-09-13 10:30:19,837 [5] WARN  MonitoringLogger - UserName Or Password is not Valid.Please try again.
2019-09-13 10:30:30,017 [57] WARN  MonitoringLogger - UserName Or Password is not Valid.Please try again.
2019-09-13 10:30:30,121 [57] WARN  MonitoringLogger - UserName Or Password is not Valid.Please try again.
2019-09-13 11:12:18,631 [6] INFO  MonitoringLogger - The Attribute "BrandName" has been Updated
2019-09-18 16:30:30,311 [88] INFO  MonitoringLogger - The Attribute "PartNumbers" has been added
2019-09-18 16:32:56,175 [75] INFO  MonitoringLogger - The Attribute "PartNumbers" has been Updated
2019-09-18 16:38:09,424 [62] INFO  MonitoringLogger - The Attribute "PartNumbers" has been Updated
2019-09-19 10:16:59,492 [34] INFO  MonitoringLogger - The Attribute "PartNumbers" has been Updated
2019-09-20 11:05:19,990 [52] INFO  MonitoringLogger - The Attribute "PartNumbers" has been Updated
2019-09-20 13:52:42,004 [42] INFO  MonitoringLogger - The Attribute Group "Marketing-Default" has been added
2019-09-20 13:53:28,559 [9] INFO  MonitoringLogger - The Attribute "MarketingCopy" has been added
2019-09-20 14:14:16,692 [42] INFO  MonitoringLogger - The Attribute "ProductGroup" has been added
2019-09-23 11:26:02,755 [3] INFO  MonitoringLogger - 6
2019-09-23 11:26:05,625 [42] INFO  MonitoringLogger - The User  has been Added
2019-09-23 18:29:49,260 [38] INFO  MonitoringLogger - The user "N3930870" has been updated
2019-09-23 18:29:50,124 [30] INFO  MonitoringLogger - The User Preferences has been Updated
2019-09-23 18:30:08,700 [26] WARN  MonitoringLogger - UserName Or Password is not Valid.Please try again.
2019-09-23 18:30:08,781 [13] WARN  MonitoringLogger - UserName Or Password is not Valid.Please try again.
2019-09-23 18:30:13,430 [13] WARN  MonitoringLogger - UserName Or Password is not Valid.Please try again.
2019-09-23 18:30:13,510 [30] WARN  MonitoringLogger - UserName Or Password is not Valid.Please try again.
2019-09-23 18:30:21,483 [26] WARN  MonitoringLogger - UserName Or Password is not Valid.Please try again.
2019-09-23 18:30:21,547 [30] WARN  MonitoringLogger - UserName Or Password is not Valid.Please try again.
2019-09-23 18:30:48,278 [26] WARN  MonitoringLogger - UserName Or Password is not Valid.Please try again.
2019-09-23 18:30:48,332 [44] WARN  MonitoringLogger - UserName Or Password is not Valid.Please try again.
2019-09-23 18:31:42,433 [38] INFO  MonitoringLogger - The user "N3930870" has been updated
2019-09-23 18:31:43,398 [22] INFO  MonitoringLogger - The User Preferences has been Updated
2019-09-23 18:32:08,601 [41] WARN  MonitoringLogger - UserName Or Password is not Valid.Please try again.
2019-09-23 18:32:08,675 [48] WARN  MonitoringLogger - UserName Or Password is not Valid.Please try again.
2019-09-23 18:32:14,654 [4] WARN  MonitoringLogger - UserName Or Password is not Valid.Please try again.
2019-09-23 18:32:14,733 [30] WARN  MonitoringLogger - UserName Or Password is not Valid.Please try again.
2019-09-24 17:11:07,158 [15] INFO  MonitoringLogger - The Attribute "PartNumbers" has been Updated
2019-09-24 17:11:14,932 [37] INFO  MonitoringLogger - The Attribute "SOA" has been Updated
2019-09-24 17:11:20,637 [30] INFO  MonitoringLogger - The Attribute "BrandName" has been Updated
2019-09-24 17:32:20,958 [13] INFO  MonitoringLogger - The Attribute "MarketingCopy" has been Updated
2019-09-24 17:49:45,889 [12] INFO  MonitoringLogger - The Attribute "ProductGroup" has been Updated
2019-09-25 11:25:52,424 [52] INFO  MonitoringLogger - The Attribute "PartNumbers" has been Updated
2019-09-25 11:41:34,808 [30] INFO  MonitoringLogger - The Attribute "SOA" has been Updated
2019-09-25 11:41:43,423 [52] INFO  MonitoringLogger - The Attribute "BrandName" has been Updated
2019-09-25 11:41:50,110 [37] INFO  MonitoringLogger - The Attribute "MarketingCopy" has been Updated
2019-09-25 14:38:00,803 [52] INFO  MonitoringLogger - The Attribute Group "Marketing" has been added
2019-09-25 14:38:34,753 [4] INFO  MonitoringLogger - The Attribute "FunctionalGroup" has been added
2019-09-25 14:38:44,767 [49] INFO  MonitoringLogger - The Attribute "MarketingCopy" has been Updated
2019-09-25 14:38:58,664 [21] INFO  MonitoringLogger - The Attribute "MarketingCopy" has been Updated
2019-09-25 14:39:06,286 [4] INFO  MonitoringLogger - The Attribute "FunctionalGroup" has been Updated
2019-09-25 14:39:49,854 [25] INFO  MonitoringLogger - The Attribute "FunctionalName" has been added
2019-09-25 14:39:58,671 [50] INFO  MonitoringLogger - The Attribute "FunctionalName" has been Updated
2019-09-25 14:40:54,918 [10] INFO  MonitoringLogger - The Attribute "FunctionalName" has been Updated
2019-09-25 15:20:37,555 [25] INFO  MonitoringLogger - The Attribute "FunctionalName" has been Updated
2019-10-04 17:30:55,443 [3] INFO  MonitoringLogger - The Attribute Group "Measurement" has been added
2019-10-04 17:49:58,029 [62] INFO  MonitoringLogger - The Attribute "Diameter" has been added
2019-10-04 18:01:14,878 [51] INFO  MonitoringLogger - The Attribute "Diameter" has been Updated
2019-10-04 18:21:10,015 [43] INFO  MonitoringLogger - The Attribute "Diameter" has been Updated
2019-10-04 18:21:37,739 [59] INFO  MonitoringLogger - The Attribute "Diameter" has been Updated
2019-10-10 14:08:17,631 [4] INFO  MonitoringLogger - The Attribute "PartNumbers" has been Updated
2019-10-10 14:08:29,492 [13] INFO  MonitoringLogger - The Attribute "MarketingCopy" has been Updated
2019-10-10 14:12:40,422 [45] INFO  MonitoringLogger - The Attribute "FunctionalGroup" has been Updated
2019-10-10 14:14:31,036 [50] INFO  MonitoringLogger - The Attribute "FunctionalName" has been Updated
2019-10-10 14:14:52,413 [50] INFO  MonitoringLogger - The Attribute "Diameter" has been Updated
2019-10-10 15:45:10,424 [36] INFO  MonitoringLogger - The Attribute "PartNumbers" has been Updated
2019-10-18 11:15:34,728 [30] WARN  MonitoringLogger - UserName Or Password is not Valid.Please try again.
2019-10-18 11:15:34,799 [52] WARN  MonitoringLogger - UserName Or Password is not Valid.Please try again.
2019-10-18 11:15:45,122 [24] WARN  MonitoringLogger - UserName Or Password is not Valid.Please try again.
2019-10-18 11:15:45,171 [52] WARN  MonitoringLogger - UserName Or Password is not Valid.Please try again.
2019-11-14 09:35:28,436 [26] WARN  MonitoringLogger - UserName Or Password is not Valid.Please try again.
2019-11-14 09:35:28,724 [22] WARN  MonitoringLogger - UserName Or Password is not Valid.Please try again.
2019-11-18 16:47:06,700 [9] INFO  MonitoringLogger - The Organization  "Test" has been added
2019-11-21 14:23:33,051 [73] INFO  MonitoringLogger - The Organization "Test" has been deleted
2019-12-04 17:07:07,484 [13] WARN  MonitoringLogger - UserName Or Password is not Valid.Please try again.
2019-12-04 17:07:07,594 [23] WARN  MonitoringLogger - UserName Or Password is not Valid.Please try again.
2019-12-06 15:15:02,131 [69] INFO  MonitoringLogger - The Attribute "FunctionalGroup" has been added
2019-12-06 15:20:38,736 [38] INFO  MonitoringLogger - The Attribute "FunctionalName" has been added
2019-12-31 14:07:10,395 [6] WARN  MonitoringLogger - UserName Or Password is not Valid.Please try again.
2019-12-31 14:07:10,676 [4] WARN  MonitoringLogger - UserName Or Password is not Valid.Please try again.
2020-01-16 15:00:03,033 [27] INFO  MonitoringLogger - The Attribute "productgroup" has been Updated
2020-01-16 15:00:10,116 [28] INFO  MonitoringLogger - The Attribute "partnumbers" has been Updated
2020-01-16 15:00:16,691 [38] INFO  MonitoringLogger - The Attribute "soa" has been Updated
2020-01-16 15:00:22,747 [28] INFO  MonitoringLogger - The Attribute "brandname" has been Updated
2020-01-16 15:00:36,156 [32] INFO  MonitoringLogger - The Attribute "functionalname" has been Updated
2020-01-16 15:00:44,381 [24] INFO  MonitoringLogger - The Attribute "functionalgroup" has been Updated
2020-01-17 10:10:04,845 [38] WARN  MonitoringLogger - UserName Or Password is not Valid.Please try again.
2020-01-17 10:10:04,919 [6] WARN  MonitoringLogger - UserName Or Password is not Valid.Please try again.
2020-01-17 10:10:14,877 [26] WARN  MonitoringLogger - UserName Or Password is not Valid.Please try again.
2020-01-17 10:10:14,962 [6] WARN  MonitoringLogger - UserName Or Password is not Valid.Please try again.
2020-01-17 22:22:32,764 [20] INFO  MonitoringLogger - 7
2020-01-18 08:38:14,445 [36] WARN  MonitoringLogger - UserName Or Password is not Valid.Please try again.
2020-01-18 08:38:14,512 [6] WARN  MonitoringLogger - UserName Or Password is not Valid.Please try again.
2020-01-18 15:22:55,763 [11] INFO  MonitoringLogger - The user "K5705695" has been updated
2020-01-18 15:30:53,490 [12] INFO  MonitoringLogger - The user "K5705695" has been updated
2020-01-18 15:33:00,496 [12] INFO  MonitoringLogger - The user "A5842724" has been updated
2020-01-18 15:34:22,605 [34] INFO  MonitoringLogger - The user "A5842724" has been updated
2020-01-18 17:58:29,432 [40] WARN  MonitoringLogger - UserName Or Password is not Valid.Please try again.
2020-01-18 17:58:29,548 [40] WARN  MonitoringLogger - UserName Or Password is not Valid.Please try again.
2020-01-18 19:26:08,631 [10] INFO  MonitoringLogger - The Attribute "marketingcopy" has been Updated
2020-01-18 19:26:20,471 [27] INFO  MonitoringLogger - The Attribute "diameter" has been Updated
2020-01-20 12:28:09,704 [7] INFO  MonitoringLogger - The Attribute "functionalgroup" has been Updated
2020-01-20 12:28:21,501 [7] INFO  MonitoringLogger - The Attribute "functionalname" has been Updated
2020-01-20 13:37:27,491 [12] INFO  MonitoringLogger - The Attribute "brandName" has been Updated
2020-01-20 13:38:23,133 [49] INFO  MonitoringLogger - The Attribute "brandname" has been Updated
2020-01-23 14:13:52,722 [30] INFO  MonitoringLogger - The Attribute "functionalName" has been Updated
2020-01-23 14:14:01,089 [4] INFO  MonitoringLogger - The Attribute "functionalGroup" has been Updated
2020-01-23 14:14:16,978 [27] INFO  MonitoringLogger - The Attribute "brandName" has been Updated
2020-01-23 14:14:45,553 [11] INFO  MonitoringLogger - The Attribute "functionalGroup" has been Updated
2020-01-23 14:14:51,494 [30] INFO  MonitoringLogger - The Attribute "functionalName" has been Updated
2020-01-26 22:08:21,278 [65] INFO  MonitoringLogger - The Attribute "marketingCopy" has been Updated
2020-01-26 22:08:45,879 [68] INFO  MonitoringLogger - The Attribute "partNumbers" has been Updated
2020-01-30 19:54:36,149 [10] WARN  MonitoringLogger - UserName Or Password is not Valid.Please try again.
2020-01-30 19:54:36,509 [10] WARN  MonitoringLogger - UserName Or Password is not Valid.Please try again.
2020-01-30 19:54:49,193 [13] WARN  MonitoringLogger - UserName Or Password is not Valid.Please try again.
2020-01-30 19:54:49,288 [14] WARN  MonitoringLogger - UserName Or Password is not Valid.Please try again.
2020-01-30 19:55:21,683 [14] WARN  MonitoringLogger - UserName Or Password is not Valid.Please try again.
2020-01-30 19:55:21,756 [16] WARN  MonitoringLogger - UserName Or Password is not Valid.Please try again.
2020-02-18 14:30:55,299 [29] WARN  MonitoringLogger - UserName Or Password is not Valid.Please try again.
2020-02-18 14:30:55,907 [25] WARN  MonitoringLogger - UserName Or Password is not Valid.Please try again.
